<!DOCTYPE html PUBLIC "-//W3C//DTD XHTML 1.1//EN" "https://www.w3.org/TR/xhtml11/DTD/xhtml11.dtd">
<html xmlns="https://www.w3.org/1999/xhtml">
<head>
<meta charset='utf-8'>
<title>TestNG Report</title>
<style type="text/css">
table {margin-bottom:10px;border-collapse:collapse;empty-cells:show}
td,th {border:1px solid #009;padding:.25em .5em}
.result th {vertical-align:bottom}
.param th {padding-left:1em;padding-right:1em}
.param td {padding-left:.5em;padding-right:2em}
.stripe td,.stripe th {background-color: #E6EBF9}
.numi,.numi_attn {text-align:right}
.total td {font-weight:bold}
.passedodd td {background-color: #0A0}
.passedeven td {background-color: #3F3}
.skippedodd td {background-color: #CCC}
.skippedodd td {background-color: #DDD}
.failedodd td,.numi_attn {background-color: #F33}
.failedeven td,.stripe .numi_attn {background-color: #D00}
.stacktrace {white-space:pre;font-family:monospace}
.totop {font-size:85%;text-align:center;border-bottom:2px solid #000}
</style>
</head>
<body>
<table cellspacing="0" cellpadding="0" class="testOverview">
<tr><th>Test</th><th>Methods<br/>Passed</th><th>Scenarios<br/>Passed</th><th># skipped</th><th># failed</th><th>Total<br/>Time</th><th>Included<br/>Groups</th><th>Excluded<br/>Groups</th></tr>
<tr><td style="text-align:left;padding-right:2em"><a href="#t1">testchrome</a></td><td class="numi">4</td><td class="numi">4</td><td class="numi">0</td><td class="numi">0</td><td class="numi">18,6 seconds</td><td class="numi"></td><td class="numi"></td></tr>
<tr class="stripe"><td style="text-align:left;padding-right:2em"><a href="#t2">parametertest</a></td><td class="numi">4</td><td class="numi">4</td><td class="numi">0</td><td class="numi">0</td><td class="numi">35,8 seconds</td><td class="numi"></td><td class="numi"></td></tr>
<tr><td style="text-align:left;padding-right:2em"><a href="#t3">testegde</a></td><td class="numi">3</td><td class="numi">3</td><td class="numi_attn">1</td><td class="numi">0</td><td class="numi">0,0 seconds</td><td class="numi"></td><td class="numi"></td></tr>
<tr class="total"><td>Total</td>
<td class="numi">11</td><td class="numi">11</td><td class="numi_attn">1</td><td class="numi">0</td><td class="numi">54,5 seconds</td><td colspan="2">&nbsp;</td></tr>
</table>
<table cellspacing="0" cellpadding="0" class="methodOverview" id="summary">
<tr><th>Class</th><th>Method</th><th># of<br/>Scenarios</th><th>Start</th><th>Time<br/>(ms)</th></tr>
<tr id="t1"><th colspan="5">testchrome &#8212; passed</th></tr>
<tr class="passedodd"><td rowspan="3">SecondTestcase</td><td><a href="#m1"><b>secondlogin</b>  </a></td><td class="numi">1</td><td>1666945147281</td><td class="numi">0</td></tr><tr class="passedodd"><td><a href="#m2"><b>secondteardown</b>  </a></td><td class="numi">1</td><td>1666945147281</td><td class="numi">0</td></tr><tr class="passedodd"><td><a href="#m3"><b>secondsetup</b>  </a></td><td class="numi">1</td><td>1666945147281</td><td class="numi">0</td></tr>
<tr class="passedeven"><td>Firstclass</td><td><a href="#m4"><b>login</b>  </a></td><td class="numi">1</td><td>1666945145088</td><td class="numi">2</td></tr>
<tr id="t2"><th colspan="5">parametertest &#8212; passed</th></tr>
<tr class="passedodd"><td rowspan="2">SecondTestcase</td><td><a href="#m5"><b>secondlogin</b>  </a></td><td class="numi">1</td><td>1666945183118</td><td class="numi">0</td></tr><tr class="passedodd"><td><a href="#m6"><b>secondteardown</b>  </a></td><td class="numi">1</td><td>1666945183118</td><td class="numi">0</td></tr>
<tr class="passedeven"><td>Firstclass</td><td><a href="#m7"><b>login</b>  </a></td><td class="numi">1</td><td>1666945179868</td><td class="numi">0</td></tr>
<tr class="passedodd"><td>SecondTestcase</td><td><a href="#m8"><b>secondsetup</b>  </a></td><td class="numi">1</td><td>1666945183118</td><td class="numi">0</td></tr>
<tr id="t3"><th colspan="5">testegde &#8212; failed (configuration methods)</th></tr>
<tr class="failedodd"><td>Firstclass</td><td><a href="#m9"><b>setup</b>  </a></td><td class="numi">1</td><td>1666945183118</td><td class="numi">16</td></tr>
<tr><th colspan="5">testegde &#8212; skipped (configuration methods)</th></tr>
<tr class="skippedodd"><td rowspan="2">Firstclass</td><td><a href="#m10"><b>after</b>  </a></td><td class="numi">1</td><td>1666945183134</td><td class="numi">0</td></tr><tr class="skippedodd"><td><a href="#m11"><b>teardown</b>  </a></td><td class="numi">1</td><td>1666945183134</td><td class="numi">0</td></tr>
<tr><th colspan="5">testegde &#8212; skipped</th></tr>
<tr class="skippedodd"><td>Firstclass</td><td><a href="#m12"><b>login</b>  </a></td><td class="numi">1</td><td>1666945183134</td><td class="numi">0</td></tr>
<tr><th colspan="5">testegde &#8212; passed</th></tr>
<tr class="passedodd"><td rowspan="3">SecondTestcase</td><td><a href="#m13"><b>secondteardown</b>  </a></td><td class="numi">1</td><td>1666945183150</td><td class="numi">0</td></tr><tr class="passedodd"><td><a href="#m14"><b>secondsetup</b>  </a></td><td class="numi">1</td><td>1666945183134</td><td class="numi">0</td></tr><tr class="passedodd"><td><a href="#m15"><b>secondlogin</b>  </a></td><td class="numi">1</td><td>1666945183150</td><td class="numi">0</td></tr>
</table>
<h1>testchrome</h1>
<h2 id="m1">SecondTestcase:secondlogin</h2>
<p class="totop"><a href="#summary">back to summary</a></p>
<h2 id="m2">SecondTestcase:secondteardown</h2>
<p class="totop"><a href="#summary">back to summary</a></p>
<h2 id="m3">SecondTestcase:secondsetup</h2>
<p class="totop"><a href="#summary">back to summary</a></p>
<h2 id="m4">Firstclass:login</h2>
<p class="totop"><a href="#summary">back to summary</a></p>
<h1>parametertest</h1>
<h2 id="m5">SecondTestcase:secondlogin</h2>
<p class="totop"><a href="#summary">back to summary</a></p>
<h2 id="m6">SecondTestcase:secondteardown</h2>
<p class="totop"><a href="#summary">back to summary</a></p>
<h2 id="m7">Firstclass:login</h2>
<p class="totop"><a href="#summary">back to summary</a></p>
<h2 id="m8">SecondTestcase:secondsetup</h2>
<p class="totop"><a href="#summary">back to summary</a></p>
<h1>testegde</h1>
<h2 id="m9">Firstclass:setup</h2>
<table cellspacing="0" cellpadding="0" class="result">
<tr class="param"><th>Parameter #1</th><th>Parameter #2</th></tr>
<tr class="param stripe"><td>edge</td>
<td>https://opensource-demo.orangehrmlive.com/web/index.php/auth/login</td>
</tr>
<tr><td colspan="2">
<div class="stacktrace">java.lang.NoClassDefFoundError: org/openqa/selenium/interactions/HasTouchScreen
	at java.base/java.lang.ClassLoader.defineClass1(Native Method)
	at java.base/java.lang.ClassLoader.defineClass(ClassLoader.java:1013)
	at java.base/java.security.SecureClassLoader.defineClass(SecureClassLoader.java:150)
	at java.base/jdk.internal.loader.BuiltinClassLoader.defineClass(BuiltinClassLoader.java:862)
	at java.base/jdk.internal.loader.BuiltinClassLoader.findClassOnClassPathOrNull(BuiltinClassLoader.java:760)
	at java.base/jdk.internal.loader.BuiltinClassLoader.loadClassOrNull(BuiltinClassLoader.java:681)
	at java.base/jdk.internal.loader.BuiltinClassLoader.loadClass(BuiltinClassLoader.java:639)
	at java.base/jdk.internal.loader.ClassLoaders$AppClassLoader.loadClass(ClassLoaders.java:188)
	at java.base/java.lang.ClassLoader.loadClass(ClassLoader.java:521)
	at Firstclass.setup(Firstclass.java:30)
	at java.base/jdk.internal.reflect.DirectMethodHandleAccessor.invoke(DirectMethodHandleAccessor.java:104)
	at java.base/java.lang.reflect.Method.invoke(Method.java:578)
	at org.testng.internal.invokers.MethodInvocationHelper.invokeMethod(MethodInvocationHelper.java:139)
	at org.testng.internal.invokers.MethodInvocationHelper.invokeMethodConsideringTimeout(MethodInvocationHelper.java:69)
	at org.testng.internal.invokers.ConfigInvoker.invokeConfigurationMethod(ConfigInvoker.java:361)
	at org.testng.internal.invokers.ConfigInvoker.invokeConfigurations(ConfigInvoker.java:296)
	at org.testng.internal.invokers.TestMethodWorker.invokeBeforeClassMethods(TestMethodWorker.java:180)
	at org.testng.internal.invokers.TestMethodWorker.run(TestMethodWorker.java:122)
	at java.base/java.util.ArrayList.forEach(ArrayList.java:1511)
	at org.testng.TestRunner.privateRun(TestRunner.java:806)
	at org.testng.TestRunner.run(TestRunner.java:601)
	at org.testng.SuiteRunner.runTest(SuiteRunner.java:433)
	at org.testng.SuiteRunner.runSequentially(SuiteRunner.java:427)
	at org.testng.SuiteRunner.privateRun(SuiteRunner.java:387)
	at org.testng.SuiteRunner.run(SuiteRunner.java:330)
	at org.testng.SuiteRunnerWorker.runSuite(SuiteRunnerWorker.java:52)
	at org.testng.SuiteRunnerWorker.run(SuiteRunnerWorker.java:95)
	at org.testng.TestNG.runSuitesSequentially(TestNG.java:1256)
	at org.testng.TestNG.runSuitesLocally(TestNG.java:1176)
	at org.testng.TestNG.runSuites(TestNG.java:1099)
	at org.testng.TestNG.run(TestNG.java:1067)
	at com.intellij.rt.testng.IDEARemoteTestNG.run(IDEARemoteTestNG.java:66)
	at com.intellij.rt.testng.RemoteTestNGStarter.main(RemoteTestNGStarter.java:109)
Caused by: java.lang.ClassNotFoundException: org.openqa.selenium.interactions.HasTouchScreen
	at java.base/jdk.internal.loader.BuiltinClassLoader.loadClass(BuiltinClassLoader.java:641)
	at java.base/jdk.internal.loader.ClassLoaders$AppClassLoader.loadClass(ClassLoaders.java:188)
	at java.base/java.lang.ClassLoader.loadClass(ClassLoader.java:521)
	... 33 more
</div>
</td></tr>
</table>
<p class="totop"><a href="#summary">back to summary</a></p>
<h2 id="m10">Firstclass:after</h2>
<p class="totop"><a href="#summary">back to summary</a></p>
<h2 id="m11">Firstclass:teardown</h2>
<p class="totop"><a href="#summary">back to summary</a></p>
<h2 id="m12">Firstclass:login</h2>
<div>
<div class="stacktrace">java.lang.NoClassDefFoundError: org/openqa/selenium/interactions/HasTouchScreen
	at java.base/java.lang.ClassLoader.defineClass1(Native Method)
	at java.base/java.lang.ClassLoader.defineClass(ClassLoader.java:1013)
	at java.base/java.security.SecureClassLoader.defineClass(SecureClassLoader.java:150)
	at java.base/jdk.internal.loader.BuiltinClassLoader.defineClass(BuiltinClassLoader.java:862)
	at java.base/jdk.internal.loader.BuiltinClassLoader.findClassOnClassPathOrNull(BuiltinClassLoader.java:760)
	at java.base/jdk.internal.loader.BuiltinClassLoader.loadClassOrNull(BuiltinClassLoader.java:681)
	at java.base/jdk.internal.loader.BuiltinClassLoader.loadClass(BuiltinClassLoader.java:639)
	at java.base/jdk.internal.loader.ClassLoaders$AppClassLoader.loadClass(ClassLoaders.java:188)
	at java.base/java.lang.ClassLoader.loadClass(ClassLoader.java:521)
	at Firstclass.setup(Firstclass.java:30)
	at java.base/jdk.internal.reflect.DirectMethodHandleAccessor.invoke(DirectMethodHandleAccessor.java:104)
	at java.base/java.lang.reflect.Method.invoke(Method.java:578)
	at org.testng.internal.invokers.MethodInvocationHelper.invokeMethod(MethodInvocationHelper.java:139)
	at org.testng.internal.invokers.MethodInvocationHelper.invokeMethodConsideringTimeout(MethodInvocationHelper.java:69)
	at org.testng.internal.invokers.ConfigInvoker.invokeConfigurationMethod(ConfigInvoker.java:361)
	at org.testng.internal.invokers.ConfigInvoker.invokeConfigurations(ConfigInvoker.java:296)
	at org.testng.internal.invokers.TestMethodWorker.invokeBeforeClassMethods(TestMethodWorker.java:180)
	at org.testng.internal.invokers.TestMethodWorker.run(TestMethodWorker.java:122)
	at java.base/java.util.ArrayList.forEach(ArrayList.java:1511)
	at org.testng.TestRunner.privateRun(TestRunner.java:806)
	at org.testng.TestRunner.run(TestRunner.java:601)
	at org.testng.SuiteRunner.runTest(SuiteRunner.java:433)
	at org.testng.SuiteRunner.runSequentially(SuiteRunner.java:427)
	at org.testng.SuiteRunner.privateRun(SuiteRunner.java:387)
	at org.testng.SuiteRunner.run(SuiteRunner.java:330)
	at org.testng.SuiteRunnerWorker.runSuite(SuiteRunnerWorker.java:52)
	at org.testng.SuiteRunnerWorker.run(SuiteRunnerWorker.java:95)
	at org.testng.TestNG.runSuitesSequentially(TestNG.java:1256)
	at org.testng.TestNG.runSuitesLocally(TestNG.java:1176)
	at org.testng.TestNG.runSuites(TestNG.java:1099)
	at org.testng.TestNG.run(TestNG.java:1067)
	at com.intellij.rt.testng.IDEARemoteTestNG.run(IDEARemoteTestNG.java:66)
	at com.intellij.rt.testng.RemoteTestNGStarter.main(RemoteTestNGStarter.java:109)
Caused by: java.lang.ClassNotFoundException: org.openqa.selenium.interactions.HasTouchScreen
	at java.base/jdk.internal.loader.BuiltinClassLoader.loadClass(BuiltinClassLoader.java:641)
	at java.base/jdk.internal.loader.ClassLoaders$AppClassLoader.loadClass(ClassLoaders.java:188)
	at java.base/java.lang.ClassLoader.loadClass(ClassLoader.java:521)
	... 33 more
</div>
</div>
<p class="totop"><a href="#summary">back to summary</a></p>
<h2 id="m13">SecondTestcase:secondteardown</h2>
<p class="totop"><a href="#summary">back to summary</a></p>
<h2 id="m14">SecondTestcase:secondsetup</h2>
<p class="totop"><a href="#summary">back to summary</a></p>
<h2 id="m15">SecondTestcase:secondlogin</h2>
<p class="totop"><a href="#summary">back to summary</a></p>
</body></html>
